c:\users\mail\source\repos\alice_cuda\alice_platform\x64\release\vc141.pdb
c:\users\mail\source\repos\alice_cuda\alice_platform\x64\release\vc141.idb
c:\users\mail\source\repos\alice_cuda\alice_platform\x64\release\sketch_zspace_empty.obj
c:\users\mail\source\repos\alice_cuda\alice_platform\x64\release\sketch_zspace_mesh_coloring.obj
c:\users\mail\source\repos\alice_cuda\alice_platform\x64\release\sketch_zspace_polytopal_test.obj
c:\users\mail\source\repos\alice_cuda\alice_platform\x64\release\sketch_zspace_sandbox_lb.obj
c:\users\mail\source\repos\alice_cuda\alice_platform\x64\release\sketch_zspace_shortestpath.obj
c:\users\mail\source\repos\alice_cuda\alice_platform\x64\release\sketch_zspace_smoothing.obj
c:\users\mail\source\repos\alice_cuda\alice_platform\x64\release\sketch_zspace_testhonly.obj
c:\users\mail\source\repos\alice_cuda\alice_platform\x64\release\sketch_zspace_walkanimate.obj
c:\users\mail\source\repos\alice_cuda\alice_platform\x64\release\sketch_honduras_slope_traversal.obj
c:\users\mail\source\repos\alice_cuda\alice_platform\x64\release\exe\alice_platform.exe
c:\users\mail\source\repos\alice_cuda\alice_platform\x64\release\alice_platform.pdb
c:\users\leo.b\source\repos\alice2018_zspace\alice_platform\x64\release\cuda_kernels.cu.cache
c:\users\leo.b\source\repos\alice2018_zspace\alice_platform\x64\release\cuda_kernels.cu.obj
c:\users\leo.b\source\repos\alice2018_zspace\alice_platform\x64\release\sketch_cuda.obj
c:\users\leo.b\source\repos\alice2018_zspace\alice_platform\x64\release\sketch_empty.obj
c:\users\leo.b\source\repos\alice2018_zspace\alice_platform\x64\release\sketch_honduras_slope_traversal.obj
c:\users\leo.b\source\repos\alice2018_zspace\alice_platform\x64\release\sketch_zspace_empty.obj
c:\users\leo.b\source\repos\alice2018_zspace\alice_platform\x64\release\sketch_zspace_mesh_coloring.obj
c:\users\leo.b\source\repos\alice2018_zspace\alice_platform\x64\release\sketch_zspace_polytopal_test.obj
c:\users\leo.b\source\repos\alice2018_zspace\alice_platform\x64\release\sketch_zspace_sandbox_lb.obj
c:\users\leo.b\source\repos\alice2018_zspace\alice_platform\x64\release\sketch_zspace_shortestpath.obj
c:\users\leo.b\source\repos\alice2018_zspace\alice_platform\x64\release\sketch_zspace_smoothing.obj
c:\users\leo.b\source\repos\alice2018_zspace\alice_platform\x64\release\sketch_zspace_testhonly.obj
c:\users\leo.b\source\repos\alice2018_zspace\alice_platform\x64\release\sketch_zspace_walkanimate.obj
c:\users\leo.b\source\repos\alice2018_zspace\alice_platform\x64\release\alice_cuda.exp
c:\users\leo.b\source\repos\alice2018_zspace\alice_platform\x64\release\vc141.idb
c:\users\leo.b\source\repos\alice2018_zspace\alice_platform\x64\release\alice_cuda.pdb
c:\users\leo.b\source\repos\alice2018_zspace\alice_platform\x64\release\alice_platform.pdb
c:\users\leo.b\source\repos\alice2018_zspace\alice_platform\x64\release\vc141.pdb
c:\users\leo.b\source\repos\alice2018_zspace\alice_platform\x64\release\alice_platform.tlog\cl.command.1.tlog
c:\users\leo.b\source\repos\alice2018_zspace\alice_platform\x64\release\alice_platform.tlog\cl.read.1.tlog
c:\users\leo.b\source\repos\alice2018_zspace\alice_platform\x64\release\alice_platform.tlog\cl.write.1.tlog
c:\users\leo.b\source\repos\alice2018_zspace\alice_platform\x64\release\alice_platform.tlog\link.command.1.tlog
c:\users\leo.b\source\repos\alice2018_zspace\alice_platform\x64\release\alice_platform.tlog\link.read.1.tlog
c:\users\leo.b\source\repos\alice2018_zspace\alice_platform\x64\release\alice_platform.tlog\link.write.1.tlog
